Added Component: Designator=C1(RB7.6-15)
Add component (AddParameter): Name = "LatestRevisionDate"; Value = "17-Jul-2002"; VariantName = "[No Variations]"
Add component (AddParameter): Name = "LatestRevisionNote"; Value = "Re-released for DXP Platform."; VariantName = "[No Variations]"
Add component (AddParameter): Name = "PackageDescription"; Value = "Polarized Capacitor (Radial); 2 Leads"; VariantName = "[No Variations]"
Add component (AddParameter): Name = "PackageReference"; Value = "RB7.6-15"; VariantName = "[No Variations]"
Add component (AddParameter): Name = "Published"; Value = "8-Jun-2000"; VariantName = "[No Variations]"
Add component (AddParameter): Name = "Publisher"; Value = "Altium Limited"; VariantName = "[No Variations]"
Add component (AddParameter): Name = "Value"; Value = ""; VariantName = "[No Variations]"
Added Component: Designator=C2(RAD-0.3)
Add component (AddParameter): Name = "LatestRevisionDate"; Value = "17-Jul-2002"; VariantName = "[No Variations]"
Add component (AddParameter): Name = "LatestRevisionNote"; Value = "Re-released for DXP Platform."; VariantName = "[No Variations]"
Add component (AddParameter): Name = "PackageDescription"; Value = "Radial Cap, Thru-Hole; 2 Leads; 0.3 in Pin Spacing"; VariantName = "[No Variations]"
Add component (AddParameter): Name = "PackageReference"; Value = "RAD-0.3"; VariantName = "[No Variations]"
Add component (AddParameter): Name = "Published"; Value = "8-Jun-2000"; VariantName = "[No Variations]"
Add component (AddParameter): Name = "Publisher"; Value = "Altium Limited"; VariantName = "[No Variations]"
Add component (AddParameter): Name = "Value"; Value = "100pF"; VariantName = "[No Variations]"
Added Component: Designator=J1(MiniJoyStick)
Added Component: Designator=J2(Header7Pin)
Added Component: Designator=J3(Header7Pin)
Added Component: Designator=R13(AXIAL-0.3)
Add component (AddParameter): Name = "LatestRevisionDate"; Value = "17-Jul-2002"; VariantName = "[No Variations]"
Add component (AddParameter): Name = "LatestRevisionNote"; Value = "Re-released for DXP Platform."; VariantName = "[No Variations]"
Add component (AddParameter): Name = "PackageDescription"; Value = "Axial Device, Thru-Hole; 2 Leads; 0.3 in Pin Spacing"; VariantName = "[No Variations]"
Add component (AddParameter): Name = "PackageReference"; Value = "AXIAL-0.3"; VariantName = "[No Variations]"
Add component (AddParameter): Name = "Published"; Value = "8-Jun-2000"; VariantName = "[No Variations]"
Add component (AddParameter): Name = "Publisher"; Value = "Altium Limited"; VariantName = "[No Variations]"
Add component (AddParameter): Name = "Value"; Value = "1K"; VariantName = "[No Variations]"
Added Component: Designator=R14(AXIAL-0.3)
Add component (AddParameter): Name = "LatestRevisionDate"; Value = "17-Jul-2002"; VariantName = "[No Variations]"
Add component (AddParameter): Name = "LatestRevisionNote"; Value = "Re-released for DXP Platform."; VariantName = "[No Variations]"
Add component (AddParameter): Name = "PackageDescription"; Value = "Axial Device, Thru-Hole; 2 Leads; 0.3 in Pin Spacing"; VariantName = "[No Variations]"
Add component (AddParameter): Name = "PackageReference"; Value = "AXIAL-0.3"; VariantName = "[No Variations]"
Add component (AddParameter): Name = "Published"; Value = "8-Jun-2000"; VariantName = "[No Variations]"
Add component (AddParameter): Name = "Publisher"; Value = "Altium Limited"; VariantName = "[No Variations]"
Add component (AddParameter): Name = "Value"; Value = "1K"; VariantName = "[No Variations]"
Added Component: Designator=S1(SPST-2)
Add component (AddParameter): Name = "LatestRevisionDate"; Value = "17-Jul-2002"; VariantName = "[No Variations]"
Add component (AddParameter): Name = "LatestRevisionNote"; Value = "Re-released for DXP Platform."; VariantName = "[No Variations]"
Add component (AddParameter): Name = "PackageDescription"; Value = "Switch; 2 Leads"; VariantName = "[No Variations]"
Add component (AddParameter): Name = "PackageReference"; Value = "SPST-2"; VariantName = "[No Variations]"
Add component (AddParameter): Name = "Published"; Value = "24-Mar-1999"; VariantName = "[No Variations]"
Add component (AddParameter): Name = "Publisher"; Value = "Altium Limited"; VariantName = "[No Variations]"
Added Component: Designator=S2(SPST-2)
Add component (AddParameter): Name = "LatestRevisionDate"; Value = "17-Jul-2002"; VariantName = "[No Variations]"
Add component (AddParameter): Name = "LatestRevisionNote"; Value = "Re-released for DXP Platform."; VariantName = "[No Variations]"
Add component (AddParameter): Name = "PackageDescription"; Value = "Switch; 2 Leads"; VariantName = "[No Variations]"
Add component (AddParameter): Name = "PackageReference"; Value = "SPST-2"; VariantName = "[No Variations]"
Add component (AddParameter): Name = "Published"; Value = "24-Mar-1999"; VariantName = "[No Variations]"
Add component (AddParameter): Name = "Publisher"; Value = "Altium Limited"; VariantName = "[No Variations]"
Added Component: Designator=S3(SPST-2)
Add component (AddParameter): Name = "LatestRevisionDate"; Value = "17-Jul-2002"; VariantName = "[No Variations]"
Add component (AddParameter): Name = "LatestRevisionNote"; Value = "Re-released for DXP Platform."; VariantName = "[No Variations]"
Add component (AddParameter): Name = "PackageDescription"; Value = "Switch; 2 Leads"; VariantName = "[No Variations]"
Add component (AddParameter): Name = "PackageReference"; Value = "SPST-2"; VariantName = "[No Variations]"
Add component (AddParameter): Name = "Published"; Value = "24-Mar-1999"; VariantName = "[No Variations]"
Add component (AddParameter): Name = "Publisher"; Value = "Altium Limited"; VariantName = "[No Variations]"
Added Component: Designator=Trigger(VR5)
Add component (AddParameter): Name = "LatestRevisionDate"; Value = "17-Jul-2002"; VariantName = "[No Variations]"
Add component (AddParameter): Name = "LatestRevisionNote"; Value = "Re-released for DXP Platform."; VariantName = "[No Variations]"
Add component (AddParameter): Name = "PackageDescription"; Value = "Variable Resistor, Thru-Hole; 3 Leads"; VariantName = "[No Variations]"
Add component (AddParameter): Name = "PackageReference"; Value = "VR5"; VariantName = "[No Variations]"
Add component (AddParameter): Name = "Published"; Value = "8-Jun-2000"; VariantName = "[No Variations]"
Add component (AddParameter): Name = "Publisher"; Value = "Altium Limited"; VariantName = "[No Variations]"
Add component (AddParameter): Name = "Set Position"; Value = "0.5"; VariantName = "[No Variations]"
Add component (AddParameter): Name = "Sim Note"; Value = "Enter the Resistance value and the set point into parameter fields."; VariantName = "[No Variations]"
Add component (AddParameter): Name = "Value"; Value = "1K"; VariantName = "[No Variations]"
Added Pin To Net: NetName=GND Pin=C1-2
Added Pin To Net: NetName=GND Pin=C2-1
Added Pin To Net: NetName=GND Pin=J1-2
Added Pin To Net: NetName=+3.3 Pin=J1-3
Added Pin To Net: NetName=GND Pin=J1-5
Added Pin To Net: NetName=+3.3 Pin=J1-6
Added Pin To Net: NetName=GND Pin=J1-8
Added Pin To Net: NetName=+3.3 Pin=J2-1
Added Pin To Net: NetName=GND Pin=J2-2
Added Pin To Net: NetName=-A1 Pin=J2-4
Added Pin To Net: NetName=+A1 Pin=J2-5
Added Pin To Net: NetName=-A2 Pin=J2-6
Added Pin To Net: NetName=+A2 Pin=J2-7
Added Pin To Net: NetName=+3.3 Pin=J3-2
Added Pin To Net: NetName=GND Pin=J3-5
Added Pin To Net: NetName=-A3 Pin=J3-6
Added Pin To Net: NetName=+A3 Pin=J3-7
Added Pin To Net: NetName=+3.3 Pin=R13-2
Added Pin To Net: NetName=+3.3 Pin=R14-2
Added Pin To Net: NetName=-A1 Pin=S1-1
Added Pin To Net: NetName=+A1 Pin=S1-2
Added Pin To Net: NetName=-A3 Pin=S2-1
Added Pin To Net: NetName=+A3 Pin=S2-2
Added Pin To Net: NetName=-A2 Pin=S3-1
Added Pin To Net: NetName=+A2 Pin=S3-2
Added Pin To Net: NetName=+3.3 Pin=Trigger-1
Added Pin To Net: NetName=GND Pin=Trigger-2
Added Pin To Net: NetName=EC_A Pin=C2-2
Added Pin To Net: NetName=EC_A Pin=R13-1
Added Net: Name=EC_A
Added Pin To Net: NetName=EC_B (Int) Pin=C1-1
Added Pin To Net: NetName=EC_B (Int) Pin=R14-1
Added Net: Name=EC_B (Int)
Added Pin To Net: NetName=MJS_Button Pin=J1-1
Added Pin To Net: NetName=MJS_Button Pin=J3-4
Added Net: Name=MJS_Button
Added Net: Name=MUX_C0
Added Net: Name=MUX_C1
Added Pin To Net: NetName=MUX_C2 Pin=Rz axis-3
Added Net: Name=MUX_C2
Added Pin To Net: NetName=MUX_C3 Pin=J2-3
Added Pin To Net: NetName=MUX_C3 Pin=Trigger-3
Added Net: Name=MUX_C3
Added Pin To Net: NetName=MUX_C4 Pin=J1-4
Added Pin To Net: NetName=MUX_C4 Pin=J3-1
Added Net: Name=MUX_C4
Added Pin To Net: NetName=MUX_C5 Pin=J1-7
Added Pin To Net: NetName=MUX_C5 Pin=J3-3
Added Net: Name=MUX_C5
Added Pin To Net: NetName=NetL2_1 Pin=U3-11
Added Net: Name=NetL2_1
Added Pin To Net: NetName=NetL2_3 Pin=U3-2
Added Net: Name=NetL2_3
Added Pin To Net: NetName=NetL2_11 Pin=U3-17
Added Net: Name=NetL2_11
Added Pin To Net: NetName=NetL2_12 Pin=U3-15
Added Net: Name=NetL2_12
Added Pin To Net: NetName=NetL2_13 Pin=U3-21
Added Net: Name=NetL2_13
Added Pin To Net: NetName=NetL2_14 Pin=U3-23
Added Net: Name=NetL2_14
Added Pin To Net: NetName=NetL2_15 Pin=U3-20
Added Net: Name=NetL2_15
Added Pin To Net: NetName=NetL2_16 Pin=U3-16
Added Net: Name=NetL2_16
Added Pin To Net: NetName=NetL2_17 Pin=U3-14
Added Net: Name=NetL2_17
Added Pin To Net: NetName=NetL2_18 Pin=U3-22
Added Net: Name=NetL2_18
Added Member To Class: ClassName=RightSide Member=Component C1 Cap Pol1
Added Member To Class: ClassName=RightSide Member=Component C2 Cap
Added Member To Class: ClassName=RightSide Member=Component J1 Mini joystick
Added Member To Class: ClassName=RightSide Member=Component J2 Header7Pin
Added Member To Class: ClassName=RightSide Member=Component J3 Header7Pin
Added Member To Class: ClassName=RightSide Member=Component R13 Res1
Added Member To Class: ClassName=RightSide Member=Component R14 Res1
Added Member To Class: ClassName=RightSide Member=Component S1 SW-PB
Added Member To Class: ClassName=RightSide Member=Component S2 SW-PB
Added Member To Class: ClassName=RightSide Member=Component S3 SW-PB
Added Member To Class: ClassName=RightSide Member=Component Trigger RPot
Added Room: Name=RightSide
