Removed Pin From Net: NetName=SDA_ESP_Micro_LV Pin=U2-5
Removed Pin From Net: NetName=SCL_ESP_Micro_LV Pin=U2-6
Removed Pin From Net: NetName=SCL_ESP_Micro_LV Pin=U4-11
Removed Pin From Net: NetName=SDA_ESP_Micro_LV Pin=U4-12
Added Component: Designator=R15(AXIAL-0.3)
Add component (AddParameter): Name = "LatestRevisionDate"; Value = "17-Jul-2002"; VariantName = "[No Variations]"
Add component (AddParameter): Name = "LatestRevisionNote"; Value = "Re-released for DXP Platform."; VariantName = "[No Variations]"
Add component (AddParameter): Name = "PackageDescription"; Value = "Axial Device, Thru-Hole; 2 Leads; 0.3 in Pin Spacing"; VariantName = "[No Variations]"
Add component (AddParameter): Name = "PackageReference"; Value = "AXIAL-0.3"; VariantName = "[No Variations]"
Add component (AddParameter): Name = "Published"; Value = "8-Jun-2000"; VariantName = "[No Variations]"
Add component (AddParameter): Name = "Publisher"; Value = "Altium Limited"; VariantName = "[No Variations]"
Add component (AddParameter): Name = "Value"; Value = "1K"; VariantName = "[No Variations]"
Added Component: Designator=R16(AXIAL-0.3)
Add component (AddParameter): Name = "LatestRevisionDate"; Value = "17-Jul-2002"; VariantName = "[No Variations]"
Add component (AddParameter): Name = "LatestRevisionNote"; Value = "Re-released for DXP Platform."; VariantName = "[No Variations]"
Add component (AddParameter): Name = "PackageDescription"; Value = "Axial Device, Thru-Hole; 2 Leads; 0.3 in Pin Spacing"; VariantName = "[No Variations]"
Add component (AddParameter): Name = "PackageReference"; Value = "AXIAL-0.3"; VariantName = "[No Variations]"
Add component (AddParameter): Name = "Published"; Value = "8-Jun-2000"; VariantName = "[No Variations]"
Add component (AddParameter): Name = "Publisher"; Value = "Altium Limited"; VariantName = "[No Variations]"
Add component (AddParameter): Name = "Value"; Value = "1K"; VariantName = "[No Variations]"
Added Pin To Net: NetName=SCL_ESP_Micro_LV Pin=R15-1
Added Pin To Net: NetName=+5 Pin=R15-2
Added Pin To Net: NetName=SDA_ESP_Micro_LV Pin=R16-1
Added Pin To Net: NetName=+5 Pin=R16-2
Added Pin To Net: NetName=SCL_ESP_Micro_LV Pin=U2-5
Added Pin To Net: NetName=SDA_ESP_Micro_LV Pin=U2-6
Change Net Name : Old Net Name=SCL_ESP_Micro_HV New Net Name=SCL_ESP_Micro_LV
Change Net Name : Old Net Name=SCL_ESP_Micro_LV New Net Name=SDA_ESP_Micro_HV
Change Net Name : Old Net Name=SDA_ESP_Micro_HV New Net Name=SDA_ESP_Micro_LV
Change Net Name : Old Net Name=SDA_ESP_Micro_LV New Net Name=SCL_ESP_Micro_HV
Added Member To Class: ClassName=RightSide Member=Component R15 Res1
Added Member To Class: ClassName=RightSide Member=Component R16 Res1
