Added Component: Designator=U1(DIP36)
Added Pin To Net: NetName=Net*_1 Pin=U1-4
Added Pin To Net: NetName=MJS_Button Pin=U1-6
Added Pin To Net: NetName=SDA_ESP_Micro_HV Pin=U1-7
Added Pin To Net: NetName=SCL_ESP_Micro_HV Pin=U1-8
Added Pin To Net: NetName=Net*_11 Pin=U1-11
Added Pin To Net: NetName=Net*_10 Pin=U1-12
Added Pin To Net: NetName=Net*_14 Pin=U1-14
Added Pin To Net: NetName=SDA Pin=U1-17
Added Pin To Net: NetName=SCL Pin=U1-18
Added Pin To Net: NetName=GND Pin=U1-19
Added Pin To Net: NetName=+3.3 Pin=U1-20
Added Pin To Net: NetName=EC_B (Int) Pin=U1-22
Added Pin To Net: NetName=EC_A Pin=U1-23
Added Pin To Net: NetName=R3 Pin=U1-25
Added Pin To Net: NetName=R2 Pin=U1-26
Added Pin To Net: NetName=R1 Pin=U1-27
Added Pin To Net: NetName=R0 Pin=U1-28
Added Pin To Net: NetName=+A3 Pin=U1-30
Added Pin To Net: NetName=+A2 Pin=U1-31
Added Pin To Net: NetName=+A1 Pin=U1-32
Added Pin To Net: NetName=+A0 Pin=U1-34
Added Member To Class: ClassName=RightSide Member=Component U1 NodeMCU-32S
Added Room: Name=RightSide
